\BOOKMARK [0][-]{chapter*.1}{Tartalomjegyz\351k}{}% 1
\BOOKMARK [0][-]{chapter*.2}{Bevezet\351s}{}% 2
\BOOKMARK [0][-]{chapter.1}{\334zleti ig\351nyek}{}% 3
\BOOKMARK [1][-]{section.1.1}{Funkcion\341lis ig\351nyek}{chapter.1}% 4
\BOOKMARK [2][-]{subsection.1.1.1}{E-mail fogad\341sa \351s k\374ld\351se}{section.1.1}% 5
\BOOKMARK [2][-]{subsection.1.1.2}{E-mail sz\341lak kezel\351se}{section.1.1}% 6
\BOOKMARK [2][-]{subsection.1.1.3}{T\366bb felhaszn\341l\363}{section.1.1}% 7
\BOOKMARK [1][-]{section.1.2}{Nem funkcion\341lis ig\351nyek}{chapter.1}% 8
\BOOKMARK [2][-]{subsection.1.2.1}{Sk\341l\341zhat\363s\341g}{section.1.2}% 9
\BOOKMARK [2][-]{subsection.1.2.2}{Granul\341ris felosztotts\341g}{section.1.2}% 10
\BOOKMARK [2][-]{subsection.1.2.3}{M\351rheto indik\341torok}{section.1.2}% 11
\BOOKMARK [2][-]{subsection.1.2.4}{L10N}{section.1.2}% 12
\BOOKMARK [0][-]{chapter.2}{Technol\363giai \341ttekint\351s}{}% 13
\BOOKMARK [1][-]{section.2.1}{Mikroszerviz architekt\372ra}{chapter.2}% 14
\BOOKMARK [1][-]{section.2.2}{Hexagon\341lis architekt\372ra}{chapter.2}% 15
\BOOKMARK [1][-]{section.2.3}{R\351tegek szepar\341l\341sa}{chapter.2}% 16
\BOOKMARK [1][-]{section.2.4}{Konkurencia kezel\351se}{chapter.2}% 17
\BOOKMARK [1][-]{section.2.5}{Alkalmaz\341sok szepar\341l\341sa}{chapter.2}% 18
\BOOKMARK [1][-]{section.2.6}{Apache Kafka}{chapter.2}% 19
\BOOKMARK [1][-]{section.2.7}{Angular}{chapter.2}% 20
\BOOKMARK [1][-]{section.2.8}{Spring Boot}{chapter.2}% 21
\BOOKMARK [0][-]{chapter.3}{Az alkalmaz\341s fel\351p\355t\351se}{}% 22
\BOOKMARK [1][-]{section.3.1}{Legfontosabb komponensek}{chapter.3}% 23
\BOOKMARK [1][-]{section.3.2}{Adatb\341zis UML diagram}{chapter.3}% 24
\BOOKMARK [1][-]{section.3.3}{E-mail fogad\341s\341nak \351s k\374ld\351s\351nek folyamata}{chapter.3}% 25
\BOOKMARK [0][-]{chapter.4}{Technikai tervez\351s}{}% 26
\BOOKMARK [1][-]{section.4.1}{Webszerver}{chapter.4}% 27
\BOOKMARK [1][-]{section.4.2}{Adatb\341zis}{chapter.4}% 28
\BOOKMARK [2][-]{subsection.4.2.1}{Teljes\355tm\351nyvizsg\341lat}{section.4.2}% 29
\BOOKMARK [1][-]{section.4.3}{JPA implement\341ci\363}{chapter.4}% 30
\BOOKMARK [1][-]{section.4.4}{Adatb\341zis migr\341ci\363s eszk\366z}{chapter.4}% 31
\BOOKMARK [2][-]{subsection.4.4.1}{Liquibase}{section.4.4}% 32
\BOOKMARK [2][-]{subsection.4.4.2}{Flyway}{section.4.4}% 33
\BOOKMARK [2][-]{subsection.4.4.3}{Felhaszn\341lt eszk\366z}{section.4.4}% 34
\BOOKMARK [1][-]{section.4.5}{Monitoroz\341s}{chapter.4}% 35
\BOOKMARK [2][-]{subsection.4.5.1}{Prometheus}{section.4.5}% 36
\BOOKMARK [2][-]{subsection.4.5.2}{Grafana}{section.4.5}% 37
\BOOKMARK [2][-]{subsection.4.5.3}{Graphite}{section.4.5}% 38
\BOOKMARK [2][-]{subsection.4.5.4}{Megval\363s\355t\341s}{section.4.5}% 39
\BOOKMARK [0][-]{chapter.5}{Implement\341ci\363}{}% 40
\BOOKMARK [1][-]{section.5.1}{Mikroszerviz infrastrukt\372ra}{chapter.5}% 41
\BOOKMARK [2][-]{subsection.5.1.1}{Nginx}{section.5.1}% 42
\BOOKMARK [2][-]{subsection.5.1.2}{Docker kont\351neriz\341ci\363}{section.5.1}% 43
\BOOKMARK [2][-]{subsection.5.1.3}{Metrik\341k}{section.5.1}% 44
\BOOKMARK [1][-]{section.5.2}{E-mail kliens}{chapter.5}% 45
\BOOKMARK [2][-]{subsection.5.2.1}{E-mail szabv\341ny}{section.5.2}% 46
\BOOKMARK [1][-]{section.5.3}{Helpdesk backend}{chapter.5}% 47
\BOOKMARK [2][-]{subsection.5.3.1}{Spring Boot}{section.5.3}% 48
\BOOKMARK [2][-]{subsection.5.3.2}{Adatb\341zis}{section.5.3}% 49
\BOOKMARK [2][-]{subsection.5.3.3}{Pesszimista konkurenciakezel\351s}{section.5.3}% 50
\BOOKMARK [2][-]{subsection.5.3.4}{Optimista konkurenciakezel\351s}{section.5.3}% 51
\BOOKMARK [2][-]{subsection.5.3.5}{Egy\351b eszk\366z\366k}{section.5.3}% 52
\BOOKMARK [1][-]{section.5.4}{Helpdesk frontend}{chapter.5}% 53
\BOOKMARK [2][-]{subsection.5.4.1}{Kommunik\341ci\363 a backenddel}{section.5.4}% 54
\BOOKMARK [2][-]{subsection.5.4.2}{Komponensek}{section.5.4}% 55
\BOOKMARK [2][-]{subsection.5.4.3}{\334zleti funkci\363k megval\363s\355t\341sa}{section.5.4}% 56
\BOOKMARK [2][-]{subsection.5.4.4}{Futtat\341si k\366rnyezet}{section.5.4}% 57
\BOOKMARK [1][-]{section.5.5}{Keycloak}{chapter.5}% 58
\BOOKMARK [2][-]{subsection.5.5.1}{Jogosults\341gkezel\351s}{section.5.5}% 59
\BOOKMARK [2][-]{subsection.5.5.2}{JSON Web Token}{section.5.5}% 60
\BOOKMARK [1][-]{section.5.6}{Kafka}{chapter.5}% 61
\BOOKMARK [1][-]{section.5.7}{Helpdesk backend \351s a Keycloak elk\374l\366n\355t\351se}{chapter.5}% 62
\BOOKMARK [0][-]{chapter.6}{Alkalmaz\341s bemutat\341sa}{}% 63
\BOOKMARK [1][-]{section.6.1}{Alkalmaz\341s elind\355t\341sa}{chapter.6}% 64
\BOOKMARK [1][-]{section.6.2}{Virtu\341lis g\351p}{chapter.6}% 65
\BOOKMARK [1][-]{section.6.3}{Deployment}{chapter.6}% 66
\BOOKMARK [1][-]{section.6.4}{T\366bb p\351ld\341ny}{chapter.6}% 67
\BOOKMARK [1][-]{section.6.5}{E-mail fogad\341s\341nak \351s k\374ld\351s\351nek folyamata}{chapter.6}% 68
\BOOKMARK [1][-]{section.6.6}{Adatb\341zist\341bl\341k}{chapter.6}% 69
\BOOKMARK [2][-]{subsection.6.6.1}{Liquibase}{section.6.6}% 70
\BOOKMARK [2][-]{subsection.6.6.2}{Hibernate Envers}{section.6.6}% 71
\BOOKMARK [1][-]{section.6.7}{Apache Kafka}{chapter.6}% 72
\BOOKMARK [1][-]{section.6.8}{Eureka}{chapter.6}% 73
\BOOKMARK [0][-]{chapter.7}{Terhel\351ses tesztel\351s}{}% 74
\BOOKMARK [1][-]{section.7.1}{Terhel\351ses teszt}{chapter.7}% 75
\BOOKMARK [1][-]{section.7.2}{Apache JMeter}{chapter.7}% 76
\BOOKMARK [1][-]{section.7.3}{\301tlagos teljes\355tm\351ny vizsg\341lata}{chapter.7}% 77
\BOOKMARK [1][-]{section.7.4}{Cs\372csteljes\355tm\351ny vizsg\341lata}{chapter.7}% 78
\BOOKMARK [1][-]{section.7.5}{Szuk keresztmetszet meghat\341roz\341sa}{chapter.7}% 79
\BOOKMARK [2][-]{subsection.7.5.1}{Nginx}{section.7.5}% 80
\BOOKMARK [2][-]{subsection.7.5.2}{HikariCP}{section.7.5}% 81
\BOOKMARK [2][-]{subsection.7.5.3}{Megn\366vekedett processzorig\351ny}{section.7.5}% 82
\BOOKMARK [2][-]{subsection.7.5.4}{Szuk keresztmetszet meghat\341roz\341sa}{section.7.5}% 83
\BOOKMARK [1][-]{section.7.6}{\326sszevet\351s a k\366vetelm\351nyekkel}{chapter.7}% 84
\BOOKMARK [2][-]{subsection.7.6.1}{\301tlagos teljes\355tm\351ny vizsg\341lata}{section.7.6}% 85
\BOOKMARK [2][-]{subsection.7.6.2}{Cs\372csteljes\355tm\351ny vizsg\341lata}{section.7.6}% 86
\BOOKMARK [0][-]{chapter.8}{Tov\341bbfejleszt\351si lehetos\351gek}{}% 87
\BOOKMARK [1][-]{section.8.1}{A deploymentrol}{chapter.8}% 88
\BOOKMARK [1][-]{section.8.2}{A k\363dr\363l}{chapter.8}% 89
\BOOKMARK [0][-]{chapter*.34}{Irodalomjegyz\351k}{}% 90
\BOOKMARK [0][-]{chapter*.35}{\301br\341k jegyz\351ke}{}% 91
\BOOKMARK [0][-]{appendix.A}{OpenApi dokument\341ci\363}{}% 92
